Watching for file changes with StatReloader
Not Found: /images/signature2.png
Not Found: /register/styles.css
User registered and logged in: alread
Not Found: /petition/styles.css
D:\coding\rosh\backend\api\views.py changed, reloading.
Watching for file changes with StatReloader
Not Found: /images/signature2.png
Not Found: /register/styles.css
Not Found: /login/styles.css
Not Found: /images/signature2.png
Not Found: /register/styles.css
User registered and logged in: hello
Not Found: /petition/styles.css
Not Found: /myprofile/21/styles.css
Not Found: /change-password/styles.css
Not Found: /petition/styles.css
Watching for file changes with StatReloader
D:\coding\rosh\backend\api\views.py changed, reloading.
Watching for file changes with StatReloader
Not Found: /images/signature2.png
Not Found: /petition/styles.css
Not Found: /images/signature2.png
Not Found: /register/styles.css
Not Found: /register/styles.css
Not Found: /images/signature2.png
Not Found: /register/styles.css
Not Found: /login/styles.css
Not Found: /petition/styles.css
Not Found: /images/signature2.png
Not Found: /login/styles.css
Not Found: /petition/styles.css
Not Found: /images/signature2.png
Not Found: /petition/styles.css
Not Found: /petition/styles.css
Not Found: /home/
Not Found: /images/signature2.png
Not Found: /petition/styles.css
Not Found: /petition/styles.css
Not Found: /images/signature2.png
Not Found: /images/signature2.png
Not Found: /images/signature2.png
Not Found: /images/signature2.png
Not Found: /petition/styles.css
Not Found: /myprofile/1/styles.css
Not Found: /petition/styles.css
Not Found: /petition/styles.css
Not Found: /myprofile/1/styles.css
Not Found: /petition/styles.css
Not Found: /myprofile/1/styles.css
Not Found: /change-password/styles.css
Not Found: /petition/styles.css
Not Found: /images/signature2.png
Not Found: /login/styles.css
Not Found: /login/styles.css
Not Found: /register/styles.css
Not Found: /petition/styles.css
Watching for file changes with StatReloader
Not Found: /petition/styles.css
Not Found: /favicon.ico
Not Found: /images/signature2.png
Not Found: /images/signature2.png
Not Found: /petition/styles.css
Not Found: /petition/styles.css
Watching for file changes with StatReloader
Not Found: /images/signature2.png
Not Found: /petition/styles.css
Not Found: /petition/styles.css
Not Found: /myprofile/22/styles.css
Not Found: /images/signature2.png
Not Found: /petition/styles.css
Not Found: /favicon.ico
Not Found: /favicon.ico
Not Found: /favicon.ico
Not Found: /petition/styles.css
Not Found: /myprofile/22/styles.css
Not Found: /images/signature2.png
Not Found: /register/styles.css
Not Found: /register/styles.css
Not Found: /login/styles.css
Not Found: /images/signature2.png
Not Found: /images/signature2.png
Not Found: /login/styles.css
Not Found: /petition/styles.css
Not Found: /images/signature2.png
Not Found: /login/styles.css
Not Found: /images/signature2.png
Not Found: /search.html
Not Found: /search.html
Not Found: /search.html
Not Found: /images/signature2.png
Not Found: /images/signature2.png
Not Found: /images/signature2.png
Not Found: /search.html
Not Found: /search.html
Not Found: /search.html
Not Found: /images/signature2.png
Not Found: /search.html
Not Found: /search.html
Not Found: /search.html
Not Found: /search.html
Not Found: /favicon.ico
Not Found: /images/signature2.png
Not Found: /images/signature2.png
Not Found: /search.html
Not Found: /search.html
Not Found: /search.html
Not Found: /search.html
Not Found: /search.html
Not Found: /search.html
Not Found: /search.html
Not Found: /search.html
Not Found: /search.html
Not Found: /search.html
Not Found: /search.html
Watching for file changes with StatReloader
Not Found: /images/signature2.png
Not Found: /images/signature2.png
Not Found: /images/signature2.png
Not Found: /register/styles.css
Not Found: /images/signature2.png
Not Found: /images/signature2.png
Not Found: /register/styles.css
Not Found: /login/styles.css
Not Found: /login/styles.css
Not Found: /petition/styles.css
Not Found: /petition/styles.css
Not Found: /petition/styles.css
Not Found: /myprofile/1/styles.css
Not Found: /images/signature2.png
Not Found: /login/styles.css
Not Found: /petition/styles.css
Not Found: /images/signature2.png
Not Found: /register/styles.css
Not Found: /register/styles.css
Not Found: /register/styles.css
Not Found: /register/styles.css
Not Found: /register/styles.css
Not Found: /register/styles.css
Not Found: /register/styles.css
Not Found: /register/styles.css
Not Found: /register/styles.css
Not Found: /register/styles.css
Not Found: /register/styles.css
Not Found: /register/styles.css
Not Found: /register/styles.css
Not Found: /favicon.ico
Not Found: /register/styles.css
Not Found: /register/styles.css
Not Found: /register/styles.css
Not Found: /login/styles.css
Not Found: /petition/styles.css
Not Found: /petition/styles.css
Not Found: /petition/styles.css
Not Found: /petition/styles.css
Not Found: /petition/styles.css
Not Found: /petition/styles.css
Not Found: /favicon.ico
Not Found: /petition/styles.css
Not Found: /myprofile/1/styles.css
Not Found: /petition/styles.css
Not Found: /myprofile/1/styles.css
Not Found: /myprofile/1/styles.css
Not Found: /myprofile/1/styles.css
Not Found: /myprofile/1/styles.css
Not Found: /myprofile/1/styles.css
Not Found: /myprofile/1/styles.css
Not Found: /myprofile/1/styles.css
Not Found: /favicon.ico
Not Found: /myprofile/1/styles.css
Not Found: /myprofile/1/styles.css
Not Found: /myprofile/1/styles.css
Not Found: /favicon.ico
Not Found: /favicon.ico
Not Found: /favicon.ico
Not Found: /petition/styles.css
Not Found: /myprofile/1/styles.css
Not Found: /petition/styles.css
Not Found: /petition/styles.css
Not Found: /myprofile/1/styles.css
Not Found: /home/
Not Found: /images/signature2.png
Not Found: /petition/styles.css
Not Found: /petition/styles.css
Not Found: /petition/styles.css
Not Found: /petition/styles.css
Not Found: /petition/styles.css
Not Found: /petition/styles.css
Not Found: /petition/styles.css
Not Found: /petition/styles.css
Not Found: /images/signature2.png
Not Found: /login/styles.css
Not Found: /petition/styles.css
Not Found: /images/signature2.png
Not Found: /petition/styles.css
Not Found: /images/signature2.png
Watching for file changes with StatReloader
Not Found: /update-petition/46/
Not Found: /update-petition/46/
Not Found: /delete-petition/46/
Not Found: /login/styles.css
Not Found: /petition/styles.css
Not Found: /petition/styles.css
Not Found: /myprofile/1/styles.css
Not Found: /petition/styles.css
Not Found: /myprofile/1/styles.css
Not Found: /petition/styles.css
Not Found: /myprofile/1/styles.css
Not Found: /myprofile/1/styles.css
Not Found: /petition/styles.css
Not Found: /myprofile/1/styles.css
Not Found: /petition/styles.css
Not Found: /myprofile/1/styles.css
Not Found: /petition/styles.css
Not Found: /myprofile/1/styles.css
Not Found: /petition/styles.css
Not Found: /myprofile/1/styles.css
Not Found: /petition/styles.css
Not Found: /petition/styles.css
Not Found: /myprofile/1/styles.css
Not Found: /petition/styles.css
D:\coding\assignment-petition-platform\backend\api\views.py changed, reloading.
Watching for file changes with StatReloader
Not Found: /petition/styles.css
Not Found: /petition/styles.css
Not Found: /myprofile/1/styles.css
Not Found: /petition/styles.css
Not Found: /petition/styles.css
Not Found: /petition/styles.css
Not Found: /favicon.ico
Not Found: /myprofile/1/styles.css
Internal Server Error: /update-petition/47/
Traceback (most recent call last):
  File "D:\coding\assignment-petition-platform\env\Lib\site-packages\django\core\handlers\exception.py", line 55, in inner
    response = get_response(request)
               ^^^^^^^^^^^^^^^^^^^^^
  File "D:\coding\assignment-petition-platform\env\Lib\site-packages\django\core\handlers\base.py", line 220, in _get_response
    response = response.render()
               ^^^^^^^^^^^^^^^^^
  File "D:\coding\assignment-petition-platform\env\Lib\site-packages\django\template\response.py", line 114, in render
    self.content = self.rendered_content
                   ^^^^^^^^^^^^^^^^^^^^^
  File "D:\coding\assignment-petition-platform\env\Lib\site-packages\django\template\response.py", line 92, in rendered_content
    return template.render(context, self._request)
           ^^^^^^^^^^^^^^^^^^^^^^^^^^^^^^^^^^^^^^^
  File "D:\coding\assignment-petition-platform\env\Lib\site-packages\django\template\backends\django.py", line 61, in render
    return self.template.render(context)
           ^^^^^^^^^^^^^^^^^^^^^^^^^^^^^
  File "D:\coding\assignment-petition-platform\env\Lib\site-packages\django\template\base.py", line 171, in render
    return self._render(context)
           ^^^^^^^^^^^^^^^^^^^^^
  File "D:\coding\assignment-petition-platform\env\Lib\site-packages\django\template\base.py", line 163, in _render
    return self.nodelist.render(context)
           ^^^^^^^^^^^^^^^^^^^^^^^^^^^^^
  File "D:\coding\assignment-petition-platform\env\Lib\site-packages\django\template\base.py", line 1000, in render
    return SafeString("".join([node.render_annotated(context) for node in self]))
                               ^^^^^^^^^^^^^^^^^^^^^^^^^^^^^^
  File "D:\coding\assignment-petition-platform\env\Lib\site-packages\django\template\base.py", line 961, in render_annotated
    return self.render(context)
           ^^^^^^^^^^^^^^^^^^^^
  File "D:\coding\assignment-petition-platform\env\Lib\site-packages\django\template\defaulttags.py", line 479, in render
    url = reverse(view_name, args=args, kwargs=kwargs, current_app=current_app)
          ^^^^^^^^^^^^^^^^^^^^^^^^^^^^^^^^^^^^^^^^^^^^^^^^^^^^^^^^^^^^^^^^^^^^^
  File "D:\coding\assignment-petition-platform\env\Lib\site-packages\django\urls\base.py", line 88, in reverse
    return resolver._reverse_with_prefix(view, prefix, *args, **kwargs)
           ^^^^^^^^^^^^^^^^^^^^^^^^^^^^^^^^^^^^^^^^^^^^^^^^^^^^^^^^^^^^
  File "D:\coding\assignment-petition-platform\env\Lib\site-packages\django\urls\resolvers.py", line 851, in _reverse_with_prefix
    raise NoReverseMatch(msg)
django.urls.exceptions.NoReverseMatch: Reverse for 'uodate-petition' not found. 'uodate-petition' is not a valid view function or pattern name.
Watching for file changes with StatReloader
Not Found: /myprofile/1/styles.css
Internal Server Error: /update-petition/50/
Traceback (most recent call last):
  File "D:\coding\assignment-petition-platform\env\Lib\site-packages\django\core\handlers\exception.py", line 55, in inner
    response = get_response(request)
               ^^^^^^^^^^^^^^^^^^^^^
  File "D:\coding\assignment-petition-platform\env\Lib\site-packages\django\core\handlers\base.py", line 220, in _get_response
    response = response.render()
               ^^^^^^^^^^^^^^^^^
  File "D:\coding\assignment-petition-platform\env\Lib\site-packages\django\template\response.py", line 114, in render
    self.content = self.rendered_content
                   ^^^^^^^^^^^^^^^^^^^^^
  File "D:\coding\assignment-petition-platform\env\Lib\site-packages\django\template\response.py", line 92, in rendered_content
    return template.render(context, self._request)
           ^^^^^^^^^^^^^^^^^^^^^^^^^^^^^^^^^^^^^^^
  File "D:\coding\assignment-petition-platform\env\Lib\site-packages\django\template\backends\django.py", line 61, in render
    return self.template.render(context)
           ^^^^^^^^^^^^^^^^^^^^^^^^^^^^^
  File "D:\coding\assignment-petition-platform\env\Lib\site-packages\django\template\base.py", line 171, in render
    return self._render(context)
           ^^^^^^^^^^^^^^^^^^^^^
  File "D:\coding\assignment-petition-platform\env\Lib\site-packages\django\template\base.py", line 163, in _render
    return self.nodelist.render(context)
           ^^^^^^^^^^^^^^^^^^^^^^^^^^^^^
  File "D:\coding\assignment-petition-platform\env\Lib\site-packages\django\template\base.py", line 1000, in render
    return SafeString("".join([node.render_annotated(context) for node in self]))
                               ^^^^^^^^^^^^^^^^^^^^^^^^^^^^^^
  File "D:\coding\assignment-petition-platform\env\Lib\site-packages\django\template\base.py", line 961, in render_annotated
    return self.render(context)
           ^^^^^^^^^^^^^^^^^^^^
  File "D:\coding\assignment-petition-platform\env\Lib\site-packages\django\template\defaulttags.py", line 479, in render
    url = reverse(view_name, args=args, kwargs=kwargs, current_app=current_app)
          ^^^^^^^^^^^^^^^^^^^^^^^^^^^^^^^^^^^^^^^^^^^^^^^^^^^^^^^^^^^^^^^^^^^^^
  File "D:\coding\assignment-petition-platform\env\Lib\site-packages\django\urls\base.py", line 88, in reverse
    return resolver._reverse_with_prefix(view, prefix, *args, **kwargs)
           ^^^^^^^^^^^^^^^^^^^^^^^^^^^^^^^^^^^^^^^^^^^^^^^^^^^^^^^^^^^^
  File "D:\coding\assignment-petition-platform\env\Lib\site-packages\django\urls\resolvers.py", line 851, in _reverse_with_prefix
    raise NoReverseMatch(msg)
django.urls.exceptions.NoReverseMatch: Reverse for 'uodate-petition' not found. 'uodate-petition' is not a valid view function or pattern name.
Not Found: /myprofile/1/styles.css
Internal Server Error: /update-petition/50/
Traceback (most recent call last):
  File "D:\coding\assignment-petition-platform\env\Lib\site-packages\django\core\handlers\exception.py", line 55, in inner
    response = get_response(request)
               ^^^^^^^^^^^^^^^^^^^^^
  File "D:\coding\assignment-petition-platform\env\Lib\site-packages\django\core\handlers\base.py", line 220, in _get_response
    response = response.render()
               ^^^^^^^^^^^^^^^^^
  File "D:\coding\assignment-petition-platform\env\Lib\site-packages\django\template\response.py", line 114, in render
    self.content = self.rendered_content
                   ^^^^^^^^^^^^^^^^^^^^^
  File "D:\coding\assignment-petition-platform\env\Lib\site-packages\django\template\response.py", line 92, in rendered_content
    return template.render(context, self._request)
           ^^^^^^^^^^^^^^^^^^^^^^^^^^^^^^^^^^^^^^^
  File "D:\coding\assignment-petition-platform\env\Lib\site-packages\django\template\backends\django.py", line 61, in render
    return self.template.render(context)
           ^^^^^^^^^^^^^^^^^^^^^^^^^^^^^
  File "D:\coding\assignment-petition-platform\env\Lib\site-packages\django\template\base.py", line 171, in render
    return self._render(context)
           ^^^^^^^^^^^^^^^^^^^^^
  File "D:\coding\assignment-petition-platform\env\Lib\site-packages\django\template\base.py", line 163, in _render
    return self.nodelist.render(context)
           ^^^^^^^^^^^^^^^^^^^^^^^^^^^^^
  File "D:\coding\assignment-petition-platform\env\Lib\site-packages\django\template\base.py", line 1000, in render
    return SafeString("".join([node.render_annotated(context) for node in self]))
                               ^^^^^^^^^^^^^^^^^^^^^^^^^^^^^^
  File "D:\coding\assignment-petition-platform\env\Lib\site-packages\django\template\base.py", line 961, in render_annotated
    return self.render(context)
           ^^^^^^^^^^^^^^^^^^^^
  File "D:\coding\assignment-petition-platform\env\Lib\site-packages\django\template\defaulttags.py", line 479, in render
    url = reverse(view_name, args=args, kwargs=kwargs, current_app=current_app)
          ^^^^^^^^^^^^^^^^^^^^^^^^^^^^^^^^^^^^^^^^^^^^^^^^^^^^^^^^^^^^^^^^^^^^^
  File "D:\coding\assignment-petition-platform\env\Lib\site-packages\django\urls\base.py", line 88, in reverse
    return resolver._reverse_with_prefix(view, prefix, *args, **kwargs)
           ^^^^^^^^^^^^^^^^^^^^^^^^^^^^^^^^^^^^^^^^^^^^^^^^^^^^^^^^^^^^
  File "D:\coding\assignment-petition-platform\env\Lib\site-packages\django\urls\resolvers.py", line 851, in _reverse_with_prefix
    raise NoReverseMatch(msg)
django.urls.exceptions.NoReverseMatch: Reverse for 'update-petition' with no arguments not found. 1 pattern(s) tried: ['update\\-petition/(?P<pk>[0-9]+)/\\Z']
D:\coding\assignment-petition-platform\backend\api\views.py changed, reloading.
Watching for file changes with StatReloader
Internal Server Error: /update-petition/50/
Traceback (most recent call last):
  File "D:\coding\assignment-petition-platform\env\Lib\site-packages\django\core\handlers\exception.py", line 55, in inner
    response = get_response(request)
               ^^^^^^^^^^^^^^^^^^^^^
  File "D:\coding\assignment-petition-platform\env\Lib\site-packages\django\core\handlers\base.py", line 220, in _get_response
    response = response.render()
               ^^^^^^^^^^^^^^^^^
  File "D:\coding\assignment-petition-platform\env\Lib\site-packages\django\template\response.py", line 114, in render
    self.content = self.rendered_content
                   ^^^^^^^^^^^^^^^^^^^^^
  File "D:\coding\assignment-petition-platform\env\Lib\site-packages\django\template\response.py", line 92, in rendered_content
    return template.render(context, self._request)
           ^^^^^^^^^^^^^^^^^^^^^^^^^^^^^^^^^^^^^^^
  File "D:\coding\assignment-petition-platform\env\Lib\site-packages\django\template\backends\django.py", line 61, in render
    return self.template.render(context)
           ^^^^^^^^^^^^^^^^^^^^^^^^^^^^^
  File "D:\coding\assignment-petition-platform\env\Lib\site-packages\django\template\base.py", line 171, in render
    return self._render(context)
           ^^^^^^^^^^^^^^^^^^^^^
  File "D:\coding\assignment-petition-platform\env\Lib\site-packages\django\template\base.py", line 163, in _render
    return self.nodelist.render(context)
           ^^^^^^^^^^^^^^^^^^^^^^^^^^^^^
  File "D:\coding\assignment-petition-platform\env\Lib\site-packages\django\template\base.py", line 1000, in render
    return SafeString("".join([node.render_annotated(context) for node in self]))
                               ^^^^^^^^^^^^^^^^^^^^^^^^^^^^^^
  File "D:\coding\assignment-petition-platform\env\Lib\site-packages\django\template\base.py", line 961, in render_annotated
    return self.render(context)
           ^^^^^^^^^^^^^^^^^^^^
  File "D:\coding\assignment-petition-platform\env\Lib\site-packages\django\template\defaulttags.py", line 479, in render
    url = reverse(view_name, args=args, kwargs=kwargs, current_app=current_app)
          ^^^^^^^^^^^^^^^^^^^^^^^^^^^^^^^^^^^^^^^^^^^^^^^^^^^^^^^^^^^^^^^^^^^^^
  File "D:\coding\assignment-petition-platform\env\Lib\site-packages\django\urls\base.py", line 88, in reverse
    return resolver._reverse_with_prefix(view, prefix, *args, **kwargs)
           ^^^^^^^^^^^^^^^^^^^^^^^^^^^^^^^^^^^^^^^^^^^^^^^^^^^^^^^^^^^^
  File "D:\coding\assignment-petition-platform\env\Lib\site-packages\django\urls\resolvers.py", line 851, in _reverse_with_prefix
    raise NoReverseMatch(msg)
django.urls.exceptions.NoReverseMatch: Reverse for 'update-petition' with no arguments not found. 1 pattern(s) tried: ['update\\-petition/(?P<pk>[0-9]+)/\\Z']
Not Found: /favicon.ico
Not Found: /myprofile/1/styles.css
Not Found: /favicon.ico
Internal Server Error: /update-petition/50/
Traceback (most recent call last):
  File "D:\coding\assignment-petition-platform\env\Lib\site-packages\django\core\handlers\exception.py", line 55, in inner
    response = get_response(request)
               ^^^^^^^^^^^^^^^^^^^^^
  File "D:\coding\assignment-petition-platform\env\Lib\site-packages\django\core\handlers\base.py", line 220, in _get_response
    response = response.render()
               ^^^^^^^^^^^^^^^^^
  File "D:\coding\assignment-petition-platform\env\Lib\site-packages\django\template\response.py", line 114, in render
    self.content = self.rendered_content
                   ^^^^^^^^^^^^^^^^^^^^^
  File "D:\coding\assignment-petition-platform\env\Lib\site-packages\django\template\response.py", line 92, in rendered_content
    return template.render(context, self._request)
           ^^^^^^^^^^^^^^^^^^^^^^^^^^^^^^^^^^^^^^^
  File "D:\coding\assignment-petition-platform\env\Lib\site-packages\django\template\backends\django.py", line 61, in render
    return self.template.render(context)
           ^^^^^^^^^^^^^^^^^^^^^^^^^^^^^
  File "D:\coding\assignment-petition-platform\env\Lib\site-packages\django\template\base.py", line 171, in render
    return self._render(context)
           ^^^^^^^^^^^^^^^^^^^^^
  File "D:\coding\assignment-petition-platform\env\Lib\site-packages\django\template\base.py", line 163, in _render
    return self.nodelist.render(context)
           ^^^^^^^^^^^^^^^^^^^^^^^^^^^^^
  File "D:\coding\assignment-petition-platform\env\Lib\site-packages\django\template\base.py", line 1000, in render
    return SafeString("".join([node.render_annotated(context) for node in self]))
                               ^^^^^^^^^^^^^^^^^^^^^^^^^^^^^^
  File "D:\coding\assignment-petition-platform\env\Lib\site-packages\django\template\base.py", line 961, in render_annotated
    return self.render(context)
           ^^^^^^^^^^^^^^^^^^^^
  File "D:\coding\assignment-petition-platform\env\Lib\site-packages\django\template\defaulttags.py", line 479, in render
    url = reverse(view_name, args=args, kwargs=kwargs, current_app=current_app)
          ^^^^^^^^^^^^^^^^^^^^^^^^^^^^^^^^^^^^^^^^^^^^^^^^^^^^^^^^^^^^^^^^^^^^^
  File "D:\coding\assignment-petition-platform\env\Lib\site-packages\django\urls\base.py", line 88, in reverse
    return resolver._reverse_with_prefix(view, prefix, *args, **kwargs)
           ^^^^^^^^^^^^^^^^^^^^^^^^^^^^^^^^^^^^^^^^^^^^^^^^^^^^^^^^^^^^
  File "D:\coding\assignment-petition-platform\env\Lib\site-packages\django\urls\resolvers.py", line 851, in _reverse_with_prefix
    raise NoReverseMatch(msg)
django.urls.exceptions.NoReverseMatch: Reverse for 'update-petition' with no arguments not found. 1 pattern(s) tried: ['update\\-petition/(?P<pk>[0-9]+)/\\Z']
Internal Server Error: /create-petition/
Traceback (most recent call last):
  File "D:\coding\assignment-petition-platform\env\Lib\site-packages\django\core\handlers\exception.py", line 55, in inner
    response = get_response(request)
               ^^^^^^^^^^^^^^^^^^^^^
  File "D:\coding\assignment-petition-platform\env\Lib\site-packages\django\core\handlers\base.py", line 220, in _get_response
    response = response.render()
               ^^^^^^^^^^^^^^^^^
  File "D:\coding\assignment-petition-platform\env\Lib\site-packages\django\template\response.py", line 114, in render
    self.content = self.rendered_content
                   ^^^^^^^^^^^^^^^^^^^^^
  File "D:\coding\assignment-petition-platform\env\Lib\site-packages\django\template\response.py", line 92, in rendered_content
    return template.render(context, self._request)
           ^^^^^^^^^^^^^^^^^^^^^^^^^^^^^^^^^^^^^^^
  File "D:\coding\assignment-petition-platform\env\Lib\site-packages\django\template\backends\django.py", line 61, in render
    return self.template.render(context)
           ^^^^^^^^^^^^^^^^^^^^^^^^^^^^^
  File "D:\coding\assignment-petition-platform\env\Lib\site-packages\django\template\base.py", line 171, in render
    return self._render(context)
           ^^^^^^^^^^^^^^^^^^^^^
  File "D:\coding\assignment-petition-platform\env\Lib\site-packages\django\template\base.py", line 163, in _render
    return self.nodelist.render(context)
           ^^^^^^^^^^^^^^^^^^^^^^^^^^^^^
  File "D:\coding\assignment-petition-platform\env\Lib\site-packages\django\template\base.py", line 1000, in render
    return SafeString("".join([node.render_annotated(context) for node in self]))
                               ^^^^^^^^^^^^^^^^^^^^^^^^^^^^^^
  File "D:\coding\assignment-petition-platform\env\Lib\site-packages\django\template\base.py", line 961, in render_annotated
    return self.render(context)
           ^^^^^^^^^^^^^^^^^^^^
  File "D:\coding\assignment-petition-platform\env\Lib\site-packages\django\template\defaulttags.py", line 479, in render
    url = reverse(view_name, args=args, kwargs=kwargs, current_app=current_app)
          ^^^^^^^^^^^^^^^^^^^^^^^^^^^^^^^^^^^^^^^^^^^^^^^^^^^^^^^^^^^^^^^^^^^^^
  File "D:\coding\assignment-petition-platform\env\Lib\site-packages\django\urls\base.py", line 88, in reverse
    return resolver._reverse_with_prefix(view, prefix, *args, **kwargs)
           ^^^^^^^^^^^^^^^^^^^^^^^^^^^^^^^^^^^^^^^^^^^^^^^^^^^^^^^^^^^^
  File "D:\coding\assignment-petition-platform\env\Lib\site-packages\django\urls\resolvers.py", line 851, in _reverse_with_prefix
    raise NoReverseMatch(msg)
django.urls.exceptions.NoReverseMatch: Reverse for 'update-petition' with no arguments not found. 1 pattern(s) tried: ['update\\-petition/(?P<pk>[0-9]+)/\\Z']
Not Found: /petition/styles.css
Not Found: /myprofile/1/styles.css
Not Found: /petition/styles.css
Not Found: /myprofile/1/styles.css
Not Found: /myprofile/1/styles.css
Not Found: /myprofile/1/styles.css
Not Found: /petition/styles.css
Not Found: /petition/styles.css
Not Found: /myprofile/1/styles.css
Watching for file changes with StatReloader
Not Found: /petition/styles.css
Not Found: /petition/styles.css
Not Found: /petition/styles.css
Not Found: /myprofile/1/styles.css
Not Found: /petition/styles.css
Watching for file changes with StatReloader
Not Found: /petition/styles.css
Not Found: /myprofile/1/styles.css
Not Found: /petition/styles.css
Not Found: /myprofile/1/styles.css
Not Found: /petition/styles.css
Not Found: /myprofile/1/styles.css
Not Found: /petition/styles.css
Watching for file changes with StatReloader
Not Found: /images/signature2.png
Not Found: /favicon.ico
Not Found: /login/styles.css
Not Found: /petition/styles.css
Not Found: /images/signature2.png
Not Found: /petition/styles.css
Not Found: /myprofile/1/styles.css
Not Found: /petition/styles.css
Not Found: /myprofile/1/styles.css
Not Found: /petition/styles.css
Not Found: /petition/styles.css
Not Found: /myprofile/1/styles.css
Not Found: /petition/styles.css
Not Found: /myprofile/1/styles.css
Not Found: /petition/styles.css
Not Found: /myprofile/1/styles.css
Not Found: /petition/styles.css
Not Found: /myprofile/1/styles.css
Not Found: /petition/styles.css
Not Found: /myprofile/1/styles.css
Not Found: /petition/styles.css
Not Found: /myprofile/1/styles.css
Not Found: /petition/styles.css
Not Found: /myprofile/1/styles.css
Not Found: /petition/styles.css
Not Found: /myprofile/1/styles.css
Not Found: /petition/styles.css
Not Found: /myprofile/1/styles.css
Not Found: /petition/styles.css
Not Found: /myprofile/1/styles.css
Not Found: /petition/styles.css
Not Found: /myprofile/1/styles.css
Not Found: /petition/styles.css
Not Found: /myprofile/1/styles.css
Not Found: /petition/styles.css
Not Found: /myprofile/1/styles.css
Not Found: /images/signature2.png
Not Found: /register/styles.css
Not Found: /login/styles.css
Not Found: /petition/styles.css
Not Found: /myprofile/2/styles.css
Not Found: /petition/styles.css
Not Found: /myprofile/2/styles.css
Not Found: /petition/styles.css
Not Found: /myprofile/2/styles.css
Not Found: /images/signature2.png
Not Found: /login/styles.css
Not Found: /login/styles.css
Not Found: /petition/styles.css
Not Found: /myprofile/19/styles.css
Not Found: /images/signature2.png
Not Found: /login/styles.css
Not Found: /petition/styles.css
Not Found: /myprofile/18/styles.css
Not Found: /petition/styles.css
Not Found: /myprofile/18/styles.css
Not Found: /petition/styles.css
Not Found: /myprofile/18/styles.css
Not Found: /images/signature2.png
Not Found: /register/styles.css
Not Found: /login/styles.css
Not Found: /petition/styles.css
Not Found: /myprofile/18/styles.css
Not Found: /images/signature2.png
Not Found: /login/styles.css
Not Found: /petition/styles.css
Not Found: /myprofile/6/styles.css
Not Found: /myprofile/6/styles.css
Not Found: /petition/styles.css
Not Found: /petition/styles.css
Not Found: /petition/styles.css
Not Found: /petition/styles.css
Not Found: /petition/styles.css
Not Found: /petition/styles.css
Not Found: /images/signature2.png
Not Found: /login/styles.css
Not Found: /petition/styles.css
Not Found: /petition/styles.css
Not Found: /images/signature2.png
Not Found: /login/styles.css
Not Found: /login/styles.css
Not Found: /petition/styles.css
Not Found: /petition/styles.css
Not Found: /petition/styles.css
Not Found: /petition/styles.css
Not Found: /myprofile/19/styles.css
Not Found: /petition/styles.css
Not Found: /images/signature2.png
Not Found: /login/styles.css
Not Found: /register/styles.css
Not Found: /register/styles.css
Not Found: /register/styles.css
Not Found: /login/styles.css
Not Found: /login/styles.css
Not Found: /petition/styles.css
Not Found: /petition/styles.css
Not Found: /images/signature2.png
Not Found: /login/styles.css
Not Found: /login/styles.css
Not Found: /register/styles.css
Not Found: /register/styles.css
Not Found: /register/styles.css
Watching for file changes with StatReloader
Not Found: /images/signature2.png
Not Found: /login/styles.css
Not Found: /petition/styles.css
Not Found: /images/signature2.png
Not Found: /register/styles.css
Not Found: /register/styles.css
Not Found: /login/styles.css
Not Found: /petition/styles.css
Watching for file changes with StatReloader
Not Found: /images/signature2.png
Not Found: /register/styles.css
Not Found: /petition/styles.css
Not Found: /images/signature2.png
Not Found: /register/styles.css
Not Found: /petition/styles.css
Not Found: /images/signature2.png
Not Found: /login/styles.css
Not Found: /petition/styles.css
Not Found: /myprofile/24/styles.css
Not Found: /petition/styles.css
Not Found: /myprofile/24/styles.css
Not Found: /images/signature2.png
